<?xml version="1.0" encoding="UTF-8"?>
<testng-results ignored="0" total="1" passed="1" failed="0" skipped="0">
  <reporter-output>
  </reporter-output>
  <suite started-at="2021-04-19T09:00:26 IST" name="Default suite" finished-at="2021-04-19T09:03:04 IST" duration-ms="157662">
    <groups>
    </groups>
    <test started-at="2021-04-19T09:00:26 IST" name="Default test" finished-at="2021-04-19T09:03:04 IST" duration-ms="157662">
      <class name="tests.InvalidUserLoginTest">
        <test-method is-config="true" signature="Setup()[pri:0, instance:tests.InvalidUserLoginTest@437da279]" started-at="2021-04-19T09:00:26 IST" name="Setup" finished-at="2021-04-19T09:00:54 IST" duration-ms="27366" status="PASS">
          <reporter-output>
          </reporter-output>
        </test-method> <!-- Setup -->
        <test-method signature="InvalidUserLogin()[pri:0, instance:tests.InvalidUserLoginTest@437da279]" started-at="2021-04-19T09:00:54 IST" name="InvalidUserLogin" finished-at="2021-04-19T09:03:04 IST" duration-ms="129920" status="PASS">
          <reporter-output>
          </reporter-output>
        </test-method> <!-- InvalidUserLogin -->
        <test-method is-config="true" signature="Teardown()[pri:0, instance:tests.InvalidUserLoginTest@437da279]" started-at="2021-04-19T09:03:04 IST" name="Teardown" finished-at="2021-04-19T09:03:04 IST" duration-ms="23" status="FAIL">
          <exception class="org.openqa.selenium.NoSuchSessionException">
            <message>
              <![CDATA[A session is either terminated or not started
Build info: version: '3.141.59', revision: 'e82be7d358', time: '2018-11-14T08:17:03'
System info: host: 'INBLRWIT215776', ip: '192.168.0.123', os.name: 'Windows 10', os.arch: 'amd64', os.version: '10.0', java.version: '15.0.2'
Driver info: io.appium.java_client.AppiumDriver
Capabilities {appActivity: co.stackfinance.stackfinanc..., appPackage: co.stackfinance.stackfinanc..., automationName: UiAutomator1, databaseEnabled: false, desired: {appActivity: co.stackfinance.stackfinanc..., appPackage: co.stackfinance.stackfinanc..., automationName: UiAutomator1, deviceName: ShashiCD, newCommandTimeout: 60, platformName: android, platformVersion: 8.1.0, resetKeyboard: true, udid: 64f9d45d7ce5, unicodeKeyboard: true}, deviceManufacturer: Xiaomi, deviceModel: Redmi 5, deviceName: 64f9d45d7ce5, deviceScreenSize: 720x1440, deviceUDID: 64f9d45d7ce5, javascriptEnabled: true, locationContextEnabled: false, networkConnectionEnabled: true, newCommandTimeout: 60, platform: LINUX, platformName: ANDROID, platformVersion: 8.1.0, resetKeyboard: true, takesScreenshot: true, udid: 64f9d45d7ce5, unicodeKeyboard: true, warnings: {}, webStorageEnabled: false}
Session ID: c56ccd12-7269-47f6-9dca-9e1a8d853f00]]>
            </message>
            <full-stacktrace>
              <![CDATA[org.openqa.selenium.NoSuchSessionException: A session is either terminated or not started
Build info: version: '3.141.59', revision: 'e82be7d358', time: '2018-11-14T08:17:03'
System info: host: 'INBLRWIT215776', ip: '192.168.0.123', os.name: 'Windows 10', os.arch: 'amd64', os.version: '10.0', java.version: '15.0.2'
Driver info: io.appium.java_client.AppiumDriver
Capabilities {appActivity: co.stackfinance.stackfinanc..., appPackage: co.stackfinance.stackfinanc..., automationName: UiAutomator1, databaseEnabled: false, desired: {appActivity: co.stackfinance.stackfinanc..., appPackage: co.stackfinance.stackfinanc..., automationName: UiAutomator1, deviceName: ShashiCD, newCommandTimeout: 60, platformName: android, platformVersion: 8.1.0, resetKeyboard: true, udid: 64f9d45d7ce5, unicodeKeyboard: true}, deviceManufacturer: Xiaomi, deviceModel: Redmi 5, deviceName: 64f9d45d7ce5, deviceScreenSize: 720x1440, deviceUDID: 64f9d45d7ce5, javascriptEnabled: true, locationContextEnabled: false, networkConnectionEnabled: true, newCommandTimeout: 60, platform: LINUX, platformName: ANDROID, platformVersion: 8.1.0, resetKeyboard: true, takesScreenshot: true, udid: 64f9d45d7ce5, unicodeKeyboard: true, warnings: {}, webStorageEnabled: false}
Session ID: c56ccd12-7269-47f6-9dca-9e1a8d853f00
at java.base/jdk.internal.reflect.NativeConstructorAccessorImpl.newInstance0(Native Method)
at java.base/jdk.internal.reflect.NativeConstructorAccessorImpl.newInstance(NativeConstructorAccessorImpl.java:64)
at java.base/jdk.internal.reflect.DelegatingConstructorAccessorImpl.newInstance(DelegatingConstructorAccessorImpl.java:45)
at java.base/java.lang.reflect.Constructor.newInstanceWithCaller(Constructor.java:500)
at java.base/java.lang.reflect.Constructor.newInstance(Constructor.java:481)
at org.openqa.selenium.remote.http.W3CHttpResponseCodec.createException(W3CHttpResponseCodec.java:187)
at org.openqa.selenium.remote.http.W3CHttpResponseCodec.decode(W3CHttpResponseCodec.java:122)
at org.openqa.selenium.remote.http.W3CHttpResponseCodec.decode(W3CHttpResponseCodec.java:49)
at org.openqa.selenium.remote.HttpCommandExecutor.execute(HttpCommandExecutor.java:158)
at io.appium.java_client.remote.AppiumCommandExecutor.execute(AppiumCommandExecutor.java:247)
at org.openqa.selenium.remote.RemoteWebDriver.execute(RemoteWebDriver.java:552)
at io.appium.java_client.DefaultGenericMobileDriver.execute(DefaultGenericMobileDriver.java:45)
at io.appium.java_client.AppiumDriver.execute(AppiumDriver.java:1)
at org.openqa.selenium.remote.RemoteWebDriver.quit(RemoteWebDriver.java:452)
at components.BaseClass.Teardown(BaseClass.java:58)
at java.base/jdk.internal.reflect.NativeMethodAccessorImpl.invoke0(Native Method)
at java.base/jdk.internal.reflect.NativeMethodAccessorImpl.invoke(NativeMethodAccessorImpl.java:64)
at java.base/jdk.internal.reflect.DelegatingMethodAccessorImpl.invoke(DelegatingMethodAccessorImpl.java:43)
at java.base/java.lang.reflect.Method.invoke(Method.java:564)
at org.testng.internal.MethodInvocationHelper.invokeMethod(MethodInvocationHelper.java:133)
at org.testng.internal.MethodInvocationHelper.invokeMethodConsideringTimeout(MethodInvocationHelper.java:62)
at org.testng.internal.ConfigInvoker.invokeConfigurationMethod(ConfigInvoker.java:385)
at org.testng.internal.ConfigInvoker.invokeConfigurations(ConfigInvoker.java:321)
at org.testng.TestRunner.invokeTestConfigurations(TestRunner.java:637)
at org.testng.TestRunner.afterRun(TestRunner.java:877)
at org.testng.TestRunner.run(TestRunner.java:599)
at org.testng.SuiteRunner.runTest(SuiteRunner.java:377)
at org.testng.SuiteRunner.runSequentially(SuiteRunner.java:371)
at org.testng.SuiteRunner.privateRun(SuiteRunner.java:332)
at org.testng.SuiteRunner.run(SuiteRunner.java:276)
at org.testng.SuiteRunnerWorker.runSuite(SuiteRunnerWorker.java:53)
at org.testng.SuiteRunnerWorker.run(SuiteRunnerWorker.java:96)
at org.testng.TestNG.runSuitesSequentially(TestNG.java:1212)
at org.testng.TestNG.runSuitesLocally(TestNG.java:1134)
at org.testng.TestNG.runSuites(TestNG.java:1063)
at org.testng.TestNG.run(TestNG.java:1031)
at org.testng.remote.AbstractRemoteTestNG.run(AbstractRemoteTestNG.java:115)
at org.testng.remote.RemoteTestNG.initAndRun(RemoteTestNG.java:251)
at org.testng.remote.RemoteTestNG.main(RemoteTestNG.java:77)
]]>
            </full-stacktrace>
          </exception> <!-- org.openqa.selenium.NoSuchSessionException -->
          <reporter-output>
          </reporter-output>
        </test-method> <!-- Teardown -->
      </class> <!-- tests.InvalidUserLoginTest -->
    </test> <!-- Default test -->
  </suite> <!-- Default suite -->
</testng-results>
