<?xml version="1.0" encoding="UTF-8"?>
<testng-results ignored="0" total="2" passed="2" failed="0" skipped="0">
  <reporter-output>
  </reporter-output>
  <suite started-at="2021-04-18T13:11:12 IST" name="Default suite" finished-at="2021-04-18T13:13:32 IST" duration-ms="140889">
    <groups>
    </groups>
    <test started-at="2021-04-18T13:11:12 IST" name="Default test" finished-at="2021-04-18T13:13:32 IST" duration-ms="140889">
      <class name="tests.ValidUserLoginTest">
        <test-method is-config="true" signature="Setup()[pri:0, instance:tests.ValidUserLoginTest@290222c1]" started-at="2021-04-18T13:11:12 IST" name="Setup" finished-at="2021-04-18T13:11:39 IST" duration-ms="27762" status="PASS">
          <reporter-output>
          </reporter-output>
        </test-method> <!-- Setup -->
        <test-method signature="ValidUserLogin()[pri:1, instance:tests.ValidUserLoginTest@290222c1]" started-at="2021-04-18T13:11:40 IST" name="ValidUserLogin" finished-at="2021-04-18T13:12:50 IST" duration-ms="70048" status="PASS">
          <reporter-output>
          </reporter-output>
        </test-method> <!-- ValidUserLogin -->
        <test-method signature="Logout()[pri:2, instance:tests.ValidUserLoginTest@290222c1]" started-at="2021-04-18T13:12:50 IST" name="Logout" finished-at="2021-04-18T13:13:26 IST" duration-ms="36504" status="PASS">
          <reporter-output>
          </reporter-output>
        </test-method> <!-- Logout -->
        <test-method is-config="true" signature="Teardown()[pri:0, instance:tests.ValidUserLoginTest@290222c1]" started-at="2021-04-18T13:13:26 IST" name="Teardown" finished-at="2021-04-18T13:13:32 IST" duration-ms="6192" status="PASS">
          <reporter-output>
          </reporter-output>
        </test-method> <!-- Teardown -->
      </class> <!-- tests.ValidUserLoginTest -->
    </test> <!-- Default test -->
  </suite> <!-- Default suite -->
</testng-results>
